<?xml version="1.0" encoding="UTF-8"?>
<!-- Generated by org.testng.reporters.JUnitReportReporter -->
<testsuite hostname="Himanshu" failures="0" tests="1" name="A_Amazon_Execution.Runner" time="11.054" errors="0" timestamp="2024-01-23T21:01:43 IST" skipped="0">
  <testcase classname="A_Amazon_Execution.Runner" name="runScenario" time="11.054"/>
  <system-out/>
</testsuite> <!-- A_Amazon_Execution.Runner -->
